<?xml version="1.0" encoding="UTF-8"?>
<testsuite name="model.dao.Sql2oCrimeDaoTest" tests="1" skipped="0" failures="0" errors="0" timestamp="2020-06-16T14:19:39" hostname="gaalo-HP-EliteBook-Folio-9470m" time="0.478">
  <properties/>
  <testcase name="getAll" classname="model.dao.Sql2oCrimeDaoTest" time="0.478"/>
  <system-out><![CDATA[]]></system-out>
  <system-err><![CDATA[]]></system-err>
</testsuite>
